\BOOKMARK [0][-]{chapter.1}{\376\377\0001\000.\000\040\000B\000e\000v\000e\000z\000e\000t\000\351\000s}{}% 1
\BOOKMARK [0][-]{chapter.2}{\376\377\0002\000.\000\040\000T\000e\000c\000h\000n\000o\000l\000\363\000g\000i\000a\000i\000\040\000\341\000t\000t\000e\000k\000i\000n\000t\000\351\000s}{}% 2
\BOOKMARK [1][-]{section.2.1}{\376\377\0002\000.\0001\000.\000\040\000P\000r\000o\000g\000r\000a\000m\000o\000z\000\341\000s\000i\000\040\000n\000y\000e\000l\000v\000e\000k}{chapter.2}% 3
\BOOKMARK [2][-]{subsection.2.1.1}{\376\377\0002\000.\0001\000.\0001\000.\000\040\000P\000y\000t\000h\000o\000n}{section.2.1}% 4
\BOOKMARK [2][-]{subsection.2.1.2}{\376\377\0002\000.\0001\000.\0002\000.\000\040\000S\000Q\000L}{section.2.1}% 5
\BOOKMARK [1][-]{section.2.2}{\376\377\0002\000.\0002\000.\000\040\000G\000i\000t\000H\000u\000b}{chapter.2}% 6
\BOOKMARK [1][-]{section.2.3}{\376\377\0002\000.\0003\000.\000\040\000F\000e\000j\000l\000e\000s\000z\000t\001\121\000i\000\040\000k\000\366\000r\000n\000y\000e\000z\000e\000t\000e\000k}{chapter.2}% 7
\BOOKMARK [2][-]{subsection.2.3.1}{\376\377\0002\000.\0003\000.\0001\000.\000\040\000P\000y\000C\000h\000a\000r\000m}{section.2.3}% 8
\BOOKMARK [2][-]{subsection.2.3.2}{\376\377\0002\000.\0003\000.\0002\000.\000\040\000V\000i\000s\000u\000a\000l\000\040\000S\000t\000u\000d\000i\000o\000\040\000C\000o\000d\000e}{section.2.3}% 9
\BOOKMARK [2][-]{subsection.2.3.3}{\376\377\0002\000.\0003\000.\0003\000.\000\040\000P\000h\000P\000M\000y\000A\000d\000m\000i\000n}{section.2.3}% 10
\BOOKMARK [2][-]{subsection.2.3.4}{\376\377\0002\000.\0003\000.\0004\000.\000\040\000E\000l\000\351\000r\000h\000e\000t\001\121\000s\000\351\000g\000i\000\040\000l\000i\000n\000k\000e\000k}{section.2.3}% 11
\BOOKMARK [1][-]{section.2.4}{\376\377\0002\000.\0004\000.\000\040\000H\000a\000s\000z\000n\000\341\000l\000t\000\040\000c\000s\000o\000m\000a\000g\000o\000k}{chapter.2}% 12
\BOOKMARK [2][-]{subsection.2.4.1}{\376\377\0002\000.\0004\000.\0001\000.\000\040\000P\000y\000g\000a\000m\000e\000\040\000k\000\366\000n\000y\000v\000t\000\341\000r}{section.2.4}% 13
\BOOKMARK [2][-]{subsection.2.4.2}{\376\377\0002\000.\0004\000.\0002\000.\000\040\000M\000y\000S\000Q\000L\000-\000c\000o\000n\000n\000e\000c\000t\000o\000r\000-\000p\000y\000t\000h\000o\000n}{section.2.4}% 14
\BOOKMARK [0][-]{chapter.3}{\376\377\0003\000.\000\040\000R\000e\000n\000d\000s\000z\000e\000r\000t\000e\000r\000v}{}% 15
\BOOKMARK [1][-]{section.3.1}{\376\377\0003\000.\0001\000.\000\040\000A\000\040\000r\000e\000n\000d\000s\000z\000e\000r\000\040\000c\000\351\000l\000j\000a}{chapter.3}% 16
\BOOKMARK [1][-]{section.3.2}{\376\377\0003\000.\0002\000.\000\040\000K\000\366\000v\000e\000t\000e\000l\000m\000\351\000n\000y\000e\000k\000\040\000l\000i\000s\000t\000\341\000j\000a}{chapter.3}% 17
\BOOKMARK [2][-]{subsection.3.2.1}{\376\377\0003\000.\0002\000.\0001\000.\000\040\000F\000u\000n\000k\000c\000i\000o\000n\000\341\000l\000i\000s\000\040\000k\000\366\000v\000e\000t\000e\000l\000m\000\351\000n\000y\000e\000k}{section.3.2}% 18
\BOOKMARK [2][-]{subsection.3.2.2}{\376\377\0003\000.\0002\000.\0002\000.\000\040\000N\000e\000m\000\040\000f\000u\000n\000k\000c\000i\000o\000n\000\341\000l\000i\000s\000\040\000k\000\366\000v\000e\000t\000e\000l\000m\000\351\000n\000y\000e\000k}{section.3.2}% 19
\BOOKMARK [1][-]{section.3.3}{\376\377\0003\000.\0003\000.\000\040\000H\000a\000s\000z\000n\000\341\000l\000a\000t\000i\000\040\000e\000s\000e\000t\000e\000k\000\040\000\050\000U\000s\000e\000\040\000c\000a\000s\000e\000-\000e\000k\000\051}{chapter.3}% 20
\BOOKMARK [1][-]{section.3.4}{\376\377\0003\000.\0004\000.\000\040\000A\000d\000a\000t\000b\000\341\000z\000i\000s\000-\000t\000e\000r\000v}{chapter.3}% 21
\BOOKMARK [1][-]{section.3.5}{\376\377\0003\000.\0005\000.\000\040\000U\000M\000L\000-\000d\000i\000a\000g\000r\000a\000m\000o\000k\000,\000\040\000f\000o\000l\000y\000a\000m\000a\000t\000\341\000b\000r\000\341\000k}{chapter.3}% 22
\BOOKMARK [2][-]{subsection.3.5.1}{\376\377\0003\000.\0005\000.\0001\000.\000\040\000O\000s\000z\000t\000\341\000l\000y\000d\000i\000a\000g\000r\000a\000m}{section.3.5}% 23
\BOOKMARK [2][-]{subsection.3.5.2}{\376\377\0003\000.\0005\000.\0002\000.\000\040\000F\000o\000l\000y\000a\000m\000a\000t\000\341\000b\000r\000a}{section.3.5}% 24
\BOOKMARK [0][-]{chapter.4}{\376\377\0004\000.\000\040\000S\000a\000j\000\341\000t\000\040\000s\000z\000o\000f\000t\000v\000e\000r\000\040\000m\000e\000g\000v\000a\000l\000\363\000s\000\355\000t\000\341\000s\000a}{}% 25
\BOOKMARK [1][-]{section.4.1}{\376\377\0004\000.\0001\000.\000\040\000A\000z\000\040\000a\000l\000k\000a\000l\000m\000a\000z\000\341\000s\000\040\000f\000e\000l\000\351\000p\000\355\000t\000\351\000s\000e}{chapter.4}% 26
\BOOKMARK [2][-]{subsection.4.1.1}{\376\377\0004\000.\0001\000.\0001\000.\000\040\000A\000r\000c\000h\000i\000t\000e\000k\000t\000u\000r\000\341\000l\000i\000s\000\040\000\341\000t\000t\000e\000k\000i\000n\000t\000\351\000s}{section.4.1}% 27
\BOOKMARK [2][-]{subsection.4.1.2}{\376\377\0004\000.\0001\000.\0002\000.\000\040\000K\000o\000m\000p\000o\000n\000e\000n\000s\000e\000k\000\040\000\351\000s\000\040\000a\000z\000o\000k\000\040\000s\000z\000e\000r\000e\000p\000e}{section.4.1}% 28
\BOOKMARK [2][-]{subsection.4.1.3}{\376\377\0004\000.\0001\000.\0003\000.\000\040\000A\000d\000a\000t\000f\000o\000l\000y\000a\000m\000\040\000\351\000s\000\040\000m\001\161\000k\000\366\000d\000\351\000s\000i\000\040\000l\000o\000g\000i\000k\000a}{section.4.1}% 29
\BOOKMARK [1][-]{section.4.2}{\376\377\0004\000.\0002\000.\000\040\000A\000d\000a\000t\000b\000\341\000z\000i\000s}{chapter.4}% 30
\BOOKMARK [1][-]{section.4.3}{\376\377\0004\000.\0003\000.\000\040\000F\000r\000o\000n\000t\000e\000n\000d}{chapter.4}% 31
\BOOKMARK [0][-]{chapter.5}{\376\377\0005\000.\000\040\000F\000u\000t\000t\000a\000t\000\341\000s}{}% 32
\BOOKMARK [0][-]{chapter.6}{\376\377\0006\000.\000\040\000T\000e\000s\000z\000t\000e\000l\000\351\000s}{}% 33
\BOOKMARK [1][-]{section.6.1}{\376\377\0006\000.\0001\000.\000\040\000M\000a\000n\000u\000\341\000l\000i\000s\000\040\000t\000e\000s\000z\000t\000e\000l\000\351\000s}{chapter.6}% 34
\BOOKMARK [1][-]{section.6.2}{\376\377\0006\000.\0002\000.\000\040\000A\000u\000t\000o\000m\000a\000t\000i\000k\000u\000s\000\040\000t\000e\000s\000z\000t\000e\000l\000\351\000s}{chapter.6}% 35
\BOOKMARK [0][-]{chapter.7}{\376\377\0007\000.\000\040\000\326\000s\000s\000z\000e\000g\000z\000\351\000s}{}% 36
\BOOKMARK [0][-]{chapter*.20}{\376\377\000I\000r\000o\000d\000a\000l\000o\000m\000j\000e\000g\000y\000z\000\351\000k}{}% 37
