This is pdfTeX, Version 3.141592653-2.6-1.40.28 (TeX Live 2025) (preloaded format=pdflatex 2025.12.24)  22 APR 2026 21:07
entering extended mode
 restricted \write18 enabled.
 %&-line parsing enabled.
**EY52H0_2026.tex
(./EY52H0_2026.tex
LaTeX2e <2025-11-01>
L3 programming layer <2025-11-14>
(c:/texlive/2025/texmf-dist/tex/latex/thesis-ekf/thesis-ekf.cls
Document Class: thesis-ekf 2024/04/18 v4.5 Thesis class for Eszterhazy Karoly C
atholic University (Eger, Hungary)
(c:/texlive/2025/texmf-dist/tex/latex/kvoptions/kvoptions.sty
Package: kvoptions 2022-06-15 v3.15 Key value format for package options (HO)

(c:/texlive/2025/texmf-dist/tex/latex/graphics/keyval.sty
Package: keyval 2022/05/29 v1.15 key=value parser (DPC)
\KV@toks@=\toks17
)
(c:/texlive/2025/texmf-dist/tex/generic/ltxcmds/ltxcmds.sty
Package: ltxcmds 2023-12-04 v1.26 LaTeX kernel commands for general use (HO)
)
(c:/texlive/2025/texmf-dist/tex/latex/kvsetkeys/kvsetkeys.sty
Package: kvsetkeys 2022-10-05 v1.19 Key value parser (HO)
))
(c:/texlive/2025/texmf-dist/tex/latex/base/report.cls
Document Class: report 2025/01/22 v1.4n Standard LaTeX document class
(c:/texlive/2025/texmf-dist/tex/latex/base/size12.clo
File: size12.clo 2025/01/22 v1.4n Standard LaTeX file (size option)
)
\c@part=\count275
\c@chapter=\count276
\c@section=\count277
\c@subsection=\count278
\c@subsubsection=\count279
\c@paragraph=\count280
\c@subparagraph=\count281
\c@figure=\count282
\c@table=\count283
\abovecaptionskip=\skip49
\belowcaptionskip=\skip50
\bibindent=\dimen148
)
(c:/texlive/2025/texmf-dist/tex/latex/setspace/setspace.sty
Package: setspace 2022/12/04 v6.7b set line spacing
)
(c:/texlive/2025/texmf-dist/tex/latex/hyperref/hyperref.sty
Package: hyperref 2025-07-12 v7.01o Hypertext links for LaTeX

(c:/texlive/2025/texmf-dist/tex/generic/iftex/iftex.sty
Package: iftex 2024/12/12 v1.0g TeX engine tests
)
(c:/texlive/2025/texmf-dist/tex/generic/kvdefinekeys/kvdefinekeys.sty
Package: kvdefinekeys 2019-12-19 v1.6 Define keys (HO)
)
(c:/texlive/2025/texmf-dist/tex/generic/pdfescape/pdfescape.sty
Package: pdfescape 2019/12/09 v1.15 Implements pdfTeX's escape features (HO)

(c:/texlive/2025/texmf-dist/tex/generic/pdftexcmds/pdftexcmds.sty
Package: pdftexcmds 2020-06-27 v0.33 Utility functions of pdfTeX for LuaTeX (HO
)

(c:/texlive/2025/texmf-dist/tex/generic/infwarerr/infwarerr.sty
Package: infwarerr 2019/12/03 v1.5 Providing info/warning/error messages (HO)
)
Package pdftexcmds Info: \pdf@primitive is available.
Package pdftexcmds Info: \pdf@ifprimitive is available.
Package pdftexcmds Info: \pdfdraftmode found.
))
(c:/texlive/2025/texmf-dist/tex/latex/hycolor/hycolor.sty
Package: hycolor 2020-01-27 v1.10 Color options for hyperref/bookmark (HO)
)
(c:/texlive/2025/texmf-dist/tex/latex/hyperref/nameref.sty
Package: nameref 2025-06-21 v2.57 Cross-referencing by name of section

(c:/texlive/2025/texmf-dist/tex/latex/refcount/refcount.sty
Package: refcount 2019/12/15 v3.6 Data extraction from label references (HO)
)
(c:/texlive/2025/texmf-dist/tex/generic/gettitlestring/gettitlestring.sty
Package: gettitlestring 2019/12/15 v1.6 Cleanup title references (HO)
)
\c@section@level=\count284
)
(c:/texlive/2025/texmf-dist/tex/latex/etoolbox/etoolbox.sty
Package: etoolbox 2025/10/02 v2.5m e-TeX tools for LaTeX (JAW)
\etb@tempcnta=\count285
)
(c:/texlive/2025/texmf-dist/tex/generic/stringenc/stringenc.sty
Package: stringenc 2019/11/29 v1.12 Convert strings between diff. encodings (HO
)
)
\@linkdim=\dimen149
\Hy@linkcounter=\count286
\Hy@pagecounter=\count287

(c:/texlive/2025/texmf-dist/tex/latex/hyperref/pd1enc.def
File: pd1enc.def 2025-07-12 v7.01o Hyperref: PDFDocEncoding definition (HO)
Now handling font encoding PD1 ...
... no UTF-8 mapping file for font encoding PD1
)
(c:/texlive/2025/texmf-dist/tex/generic/intcalc/intcalc.sty
Package: intcalc 2019/12/15 v1.3 Expandable calculations with integers (HO)
)
\Hy@SavedSpaceFactor=\count288

(c:/texlive/2025/texmf-dist/tex/latex/hyperref/puenc.def
File: puenc.def 2025-07-12 v7.01o Hyperref: PDF Unicode definition (HO)
Now handling font encoding PU ...
... no UTF-8 mapping file for font encoding PU
)
Package hyperref Info: Option `linktocpage' set `true' on input line 4066.
Package hyperref Info: Option `bookmarksnumbered' set `true' on input line 4066
.
Package hyperref Info: Hyper figures OFF on input line 4195.
Package hyperref Info: Link nesting OFF on input line 4200.
Package hyperref Info: Hyper index ON on input line 4203.
Package hyperref Info: Plain pages OFF on input line 4210.
Package hyperref Info: Backreferencing OFF on input line 4215.
Package hyperref Info: Implicit mode ON; LaTeX internals redefined.
Package hyperref Info: Bookmarks ON on input line 4462.
\c@Hy@tempcnt=\count289

(c:/texlive/2025/texmf-dist/tex/latex/url/url.sty
\Urlmuskip=\muskip17
Package: url 2013/09/16  ver 3.4  Verb mode for urls, etc.
)
LaTeX Info: Redefining \url on input line 4801.
\XeTeXLinkMargin=\dimen150

(c:/texlive/2025/texmf-dist/tex/generic/bitset/bitset.sty
Package: bitset 2019/12/09 v1.3 Handle bit-vector datatype (HO)

(c:/texlive/2025/texmf-dist/tex/generic/bigintcalc/bigintcalc.sty
Package: bigintcalc 2019/12/15 v1.5 Expandable calculations on big integers (HO
)
))
\Fld@menulength=\count290
\Field@Width=\dimen151
\Fld@charsize=\dimen152
Package hyperref Info: Hyper figures OFF on input line 6078.
Package hyperref Info: Link nesting OFF on input line 6083.
Package hyperref Info: Hyper index ON on input line 6086.
Package hyperref Info: backreferencing OFF on input line 6093.
Package hyperref Info: Link coloring OFF on input line 6098.
Package hyperref Info: Link coloring with OCG OFF on input line 6103.
Package hyperref Info: PDF/A mode OFF on input line 6108.
\Hy@abspage=\count291
\c@Item=\count292
\c@Hfootnote=\count293
)
Package hyperref Info: Driver (autodetected): hpdftex.

(c:/texlive/2025/texmf-dist/tex/latex/hyperref/hpdftex.def
File: hpdftex.def 2025-07-12 v7.01o Hyperref driver for pdfTeX
\Fld@listcount=\count294
\c@bookmark@seq@number=\count295

(c:/texlive/2025/texmf-dist/tex/latex/rerunfilecheck/rerunfilecheck.sty
Package: rerunfilecheck 2025-06-21 v1.11 Rerun checks for auxiliary files (HO)

(c:/texlive/2025/texmf-dist/tex/generic/uniquecounter/uniquecounter.sty
Package: uniquecounter 2019/12/15 v1.4 Provide unlimited unique counter (HO)
)
Package uniquecounter Info: New unique counter `rerunfilecheck' on input line 2
84.
)
\Hy@SectionHShift=\skip51
)
(c:/texlive/2025/texmf-dist/tex/latex/geometry/geometry.sty
Package: geometry 2020/01/02 v5.9 Page Geometry

(c:/texlive/2025/texmf-dist/tex/generic/iftex/ifvtex.sty
Package: ifvtex 2019/10/25 v1.7 ifvtex legacy package. Use iftex instead.
)
\Gm@cnth=\count296
\Gm@cntv=\count297
\c@Gm@tempcnt=\count298
\Gm@bindingoffset=\dimen153
\Gm@wd@mp=\dimen154
\Gm@odd@mp=\dimen155
\Gm@even@mp=\dimen156
\Gm@layoutwidth=\dimen157
\Gm@layoutheight=\dimen158
\Gm@layouthoffset=\dimen159
\Gm@layoutvoffset=\dimen160
\Gm@dimlist=\toks18
)
(c:/texlive/2025/texmf-dist/tex/latex/lm/lmodern.sty
Package: lmodern 2015/05/01 v1.6.1 Latin Modern Fonts
LaTeX Font Info:    Overwriting symbol font `operators' in version `normal'
(Font)                  OT1/cmr/m/n --> OT1/lmr/m/n on input line 22.
LaTeX Font Info:    Overwriting symbol font `letters' in version `normal'
(Font)                  OML/cmm/m/it --> OML/lmm/m/it on input line 23.
LaTeX Font Info:    Overwriting symbol font `symbols' in version `normal'
(Font)                  OMS/cmsy/m/n --> OMS/lmsy/m/n on input line 24.
LaTeX Font Info:    Overwriting symbol font `largesymbols' in version `normal'
(Font)                  OMX/cmex/m/n --> OMX/lmex/m/n on input line 25.
LaTeX Font Info:    Overwriting symbol font `operators' in version `bold'
(Font)                  OT1/cmr/bx/n --> OT1/lmr/bx/n on input line 26.
LaTeX Font Info:    Overwriting symbol font `letters' in version `bold'
(Font)                  OML/cmm/b/it --> OML/lmm/b/it on input line 27.
LaTeX Font Info:    Overwriting symbol font `symbols' in version `bold'
(Font)                  OMS/cmsy/b/n --> OMS/lmsy/b/n on input line 28.
LaTeX Font Info:    Overwriting symbol font `largesymbols' in version `bold'
(Font)                  OMX/cmex/m/n --> OMX/lmex/m/n on input line 29.
LaTeX Font Info:    Overwriting math alphabet `\mathbf' in version `normal'
(Font)                  OT1/cmr/bx/n --> OT1/lmr/bx/n on input line 31.
LaTeX Font Info:    Overwriting math alphabet `\mathsf' in version `normal'
(Font)                  OT1/cmss/m/n --> OT1/lmss/m/n on input line 32.
LaTeX Font Info:    Overwriting math alphabet `\mathit' in version `normal'
(Font)                  OT1/cmr/m/it --> OT1/lmr/m/it on input line 33.
LaTeX Font Info:    Overwriting math alphabet `\mathtt' in version `normal'
(Font)                  OT1/cmtt/m/n --> OT1/lmtt/m/n on input line 34.
LaTeX Font Info:    Overwriting math alphabet `\mathbf' in version `bold'
(Font)                  OT1/cmr/bx/n --> OT1/lmr/bx/n on input line 35.
LaTeX Font Info:    Overwriting math alphabet `\mathsf' in version `bold'
(Font)                  OT1/cmss/bx/n --> OT1/lmss/bx/n on input line 36.
LaTeX Font Info:    Overwriting math alphabet `\mathit' in version `bold'
(Font)                  OT1/cmr/bx/it --> OT1/lmr/bx/it on input line 37.
LaTeX Font Info:    Overwriting math alphabet `\mathtt' in version `bold'
(Font)                  OT1/cmtt/m/n --> OT1/lmtt/m/n on input line 38.
)
(c:/texlive/2025/texmf-dist/tex/latex/fixcmex/fixcmex.sty
Package: fixcmex 2019/08/05 v1.1 Scalable math extensions font (Enrico Gregorio
)
)
(c:/texlive/2025/texmf-dist/tex/latex/graphics/graphicx.sty
Package: graphicx 2024/12/31 v1.2e Enhanced LaTeX Graphics (DPC,SPQR)

(c:/texlive/2025/texmf-dist/tex/latex/graphics/graphics.sty
Package: graphics 2024/08/06 v1.4g Standard LaTeX Graphics (DPC,SPQR)

(c:/texlive/2025/texmf-dist/tex/latex/graphics/trig.sty
Package: trig 2023/12/02 v1.11 sin cos tan (DPC)
)
(c:/texlive/2025/texmf-dist/tex/latex/graphics-cfg/graphics.cfg
File: graphics.cfg 2016/06/04 v1.11 sample graphics configuration
)
Package graphics Info: Driver file: pdftex.def on input line 106.

(c:/texlive/2025/texmf-dist/tex/latex/graphics-def/pdftex.def
File: pdftex.def 2025/09/29 v1.2d Graphics/color driver for pdftex
))
\Gin@req@height=\dimen161
\Gin@req@width=\dimen162
))
(c:/texlive/2025/texmf-dist/tex/latex/base/fontenc.sty
Package: fontenc 2025/07/18 v2.1d Standard LaTeX package
LaTeX Font Info:    Trying to load font information for T1+lmr on input line 11
6.

(c:/texlive/2025/texmf-dist/tex/latex/lm/t1lmr.fd
File: t1lmr.fd 2015/05/01 v1.6.1 Font defs for Latin Modern
))
(c:/texlive/2025/texmf-dist/tex/generic/babel/babel.sty
Package: babel 2025/12/11 v25.17 The multilingual framework for LuaLaTeX, pdfLa
TeX and XeLaTeX
\babel@savecnt=\count299
LaTeX Encoding Info:    Redeclaring text command \ij (encoding OT1) on input li
ne 2068.
LaTeX Encoding Info:    Redeclaring text command \IJ (encoding OT1) on input li
ne 2070.
LaTeX Encoding Info:    Redeclaring text command \ij (encoding T1) on input lin
e 2072.
LaTeX Encoding Info:    Redeclaring text command \IJ (encoding T1) on input lin
e 2073.
LaTeX Encoding Info:    Ignoring declaration for text command \ij (encoding ?) 
on input line 2074.
LaTeX Encoding Info:    Ignoring declaration for text command \IJ (encoding ?) 
on input line 2076.
LaTeX Encoding Info:    Ignoring declaration for text command \SS (encoding ?) 
on input line 2101.
\U@D=\dimen163
\l@unhyphenated=\language90

(c:/texlive/2025/texmf-dist/tex/generic/babel/txtbabel.def)
\bbl@readstream=\read2
\bbl@dirlevel=\count300

(c:/texlive/2025/texmf-dist/tex/generic/babel/locale/hu/babel-magyar.tex)
Package babel Info: Importing font and identification data for magyar
(babel)             from babel-hu.ini. Reported on input line 4320.

(c:/texlive/2025/texmf-dist/tex/generic/babel-hungarian/magyar.ldf
Language: magyar 2025/05/02 v1.5d Hungarian support for babel
\c@enumv=\count301
Package babel Info: Making ; an active character on input line 2750.
Package babel Info: Making ! an active character on input line 2752.
Package babel Info: Making ? an active character on input line 2758.
Package babel Info: Making : an active character on input line 2760.
Package babel Info: Making ` an active character on input line 2778.
\c@footnote@add=\count302
\c@footnote@ch=\count303
))
(c:/texlive/2025/texmf-dist/tex/latex/mathtools/mathtools.sty
Package: mathtools 2024/10/04 v1.31 mathematical typesetting tools

(c:/texlive/2025/texmf-dist/tex/latex/tools/calc.sty
Package: calc 2025/03/01 v4.3b Infix arithmetic (KKT,FJ)
\calc@Acount=\count304
\calc@Bcount=\count305
\calc@Adimen=\dimen164
\calc@Bdimen=\dimen165
\calc@Askip=\skip52
\calc@Bskip=\skip53
LaTeX Info: Redefining \setlength on input line 86.
LaTeX Info: Redefining \addtolength on input line 87.
\calc@Ccount=\count306
\calc@Cskip=\skip54
)
(c:/texlive/2025/texmf-dist/tex/latex/mathtools/mhsetup.sty
Package: mhsetup 2021/03/18 v1.4 programming setup (MH)
)
(c:/texlive/2025/texmf-dist/tex/latex/amsmath/amsmath.sty
Package: amsmath 2025/07/09 v2.17z AMS math features
\@mathmargin=\skip55

For additional information on amsmath, use the `?' option.
(c:/texlive/2025/texmf-dist/tex/latex/amsmath/amstext.sty
Package: amstext 2024/11/17 v2.01 AMS text

(c:/texlive/2025/texmf-dist/tex/latex/amsmath/amsgen.sty
File: amsgen.sty 1999/11/30 v2.0 generic functions
\@emptytoks=\toks19
\ex@=\dimen166
))
(c:/texlive/2025/texmf-dist/tex/latex/amsmath/amsbsy.sty
Package: amsbsy 1999/11/29 v1.2d Bold Symbols
\pmbraise@=\dimen167
)
(c:/texlive/2025/texmf-dist/tex/latex/amsmath/amsopn.sty
Package: amsopn 2022/04/08 v2.04 operator names
)
\inf@bad=\count307
LaTeX Info: Redefining \frac on input line 233.
\uproot@=\count308
\leftroot@=\count309
LaTeX Info: Redefining \overline on input line 398.
LaTeX Info: Redefining \colon on input line 409.
\classnum@=\count310
\DOTSCASE@=\count311
LaTeX Info: Redefining \ldots on input line 495.
LaTeX Info: Redefining \dots on input line 498.
LaTeX Info: Redefining \cdots on input line 619.
\Mathstrutbox@=\box53
\strutbox@=\box54
LaTeX Info: Redefining \big on input line 721.
LaTeX Info: Redefining \Big on input line 722.
LaTeX Info: Redefining \bigg on input line 723.
LaTeX Info: Redefining \Bigg on input line 724.
\big@size=\dimen168
LaTeX Font Info:    Redeclaring font encoding OML on input line 742.
LaTeX Font Info:    Redeclaring font encoding OMS on input line 743.
\macc@depth=\count312
LaTeX Info: Redefining \bmod on input line 904.
LaTeX Info: Redefining \pmod on input line 909.
LaTeX Info: Redefining \smash on input line 939.
LaTeX Info: Redefining \relbar on input line 969.
LaTeX Info: Redefining \Relbar on input line 970.
\c@MaxMatrixCols=\count313
\dotsspace@=\muskip18
\c@parentequation=\count314
\dspbrk@lvl=\count315
\tag@help=\toks20
\row@=\count316
\column@=\count317
\maxfields@=\count318
\andhelp@=\toks21
\eqnshift@=\dimen169
\alignsep@=\dimen170
\tagshift@=\dimen171
\tagwidth@=\dimen172
\totwidth@=\dimen173
\lineht@=\dimen174
\@envbody=\toks22
\multlinegap=\skip56
\multlinetaggap=\skip57
\mathdisplay@stack=\toks23
LaTeX Info: Redefining \[ on input line 2950.
LaTeX Info: Redefining \] on input line 2951.
)
\g_MT_multlinerow_int=\count319
\l_MT_multwidth_dim=\dimen175
\origjot=\skip58
\l_MT_shortvdotswithinadjustabove_dim=\dimen176
\l_MT_shortvdotswithinadjustbelow_dim=\dimen177
\l_MT_above_intertext_sep=\dimen178
\l_MT_below_intertext_sep=\dimen179
\l_MT_above_shortintertext_sep=\dimen180
\l_MT_below_shortintertext_sep=\dimen181
\xmathstrut@box=\box55
\xmathstrut@dim=\dimen182
)
(c:/texlive/2025/texmf-dist/tex/latex/amsfonts/amssymb.sty
Package: amssymb 2013/01/14 v3.01 AMS font symbols

(c:/texlive/2025/texmf-dist/tex/latex/amsfonts/amsfonts.sty
Package: amsfonts 2013/01/14 v3.01 Basic AMSFonts support
\symAMSa=\mathgroup4
\symAMSb=\mathgroup5
LaTeX Font Info:    Redeclaring math symbol \hbar on input line 98.
LaTeX Font Info:    Overwriting math alphabet `\mathfrak' in version `bold'
(Font)                  U/euf/m/n --> U/euf/b/n on input line 106.
))
(c:/texlive/2025/texmf-dist/tex/latex/amscls/amsthm.sty
Package: amsthm 2020/05/29 v2.20.6
\thm@style=\toks24
\thm@bodyfont=\toks25
\thm@headfont=\toks26
\thm@notefont=\toks27
\thm@headpunct=\toks28
\thm@preskip=\skip59
\thm@postskip=\skip60
\thm@headsep=\skip61
\dth@everypar=\toks29
)
(c:/texlive/2025/texmf-dist/tex/latex/pdfpages/pdfpages.sty
Package: pdfpages 2025/07/23 v0.6g Insert pages of external PDF documents (AM)

(c:/texlive/2025/texmf-dist/tex/latex/base/ifthen.sty
Package: ifthen 2024/03/16 v1.1e Standard LaTeX ifthen package (DPC)
)
(c:/texlive/2025/texmf-dist/tex/latex/eso-pic/eso-pic.sty
Package: eso-pic 2025/12/10 v3.0d eso-pic (RN)
\ESO@tempdima=\dimen183
\ESO@tempdimb=\dimen184

(c:/texlive/2025/texmf-dist/tex/latex/xcolor/xcolor.sty
Package: xcolor 2024/09/29 v3.02 LaTeX color extensions (UK)

(c:/texlive/2025/texmf-dist/tex/latex/graphics-cfg/color.cfg
File: color.cfg 2016/01/02 v1.6 sample color configuration
)
Package xcolor Info: Driver file: pdftex.def on input line 274.

(c:/texlive/2025/texmf-dist/tex/latex/graphics/mathcolor.ltx)
Package xcolor Info: Model `cmy' substituted by `cmy0' on input line 1349.
Package xcolor Info: Model `hsb' substituted by `rgb' on input line 1353.
Package xcolor Info: Model `RGB' extended on input line 1365.
Package xcolor Info: Model `HTML' substituted by `rgb' on input line 1367.
Package xcolor Info: Model `Hsb' substituted by `hsb' on input line 1368.
Package xcolor Info: Model `tHsb' substituted by `hsb' on input line 1369.
Package xcolor Info: Model `HSB' substituted by `hsb' on input line 1370.
Package xcolor Info: Model `Gray' substituted by `gray' on input line 1371.
Package xcolor Info: Model `wave' substituted by `hsb' on input line 1372.
))
\AM@pagewidth=\dimen185
\AM@pageheight=\dimen186
\AM@fboxrule=\dimen187

(c:/texlive/2025/texmf-dist/tex/latex/pdfpages/pppdftex.def
File: pppdftex.def 2025/07/23 v0.6g Pdfpages driver for pdfTeX (AM)
)
\pdfpages@includegraphics@status=\count320
\AM@pagebox=\box56
\AM@global@opts=\toks30
\AM@pagecnt=\count321
\AM@toc@title=\toks31
\AM@lof@heading=\toks32
\c@AM@survey=\count322
\AM@templatesizebox=\box57
)
(c:/texlive/2025/texmf-dist/tex/latex/tools/longtable.sty
Package: longtable 2025-10-13 v4.24 Multi-page Table package (DPC)
\LTleft=\skip62
\LTright=\skip63
\LTpre=\skip64
\LTpost=\skip65
\LTchunksize=\count323
\LTcapwidth=\dimen188
\LT@head=\box58
\LT@firsthead=\box59
\LT@foot=\box60
\LT@lastfoot=\box61
\LT@gbox=\box62
\LT@cols=\count324
\LT@rows=\count325
\c@LT@tables=\count326
\c@LT@chunks=\count327
\LT@p@ftn=\toks33
)
(c:/texlive/2025/texmf-dist/tex/latex/tools/array.sty
Package: array 2025/09/25 v2.6n Tabular extension package (FMi)
\col@sep=\dimen189
\ar@mcellbox=\box63
\extrarowheight=\dimen190
\NC@list=\toks34
\extratabsurround=\skip66
\backup@length=\skip67
\ar@cellbox=\box64
)
(c:/texlive/2025/texmf-dist/tex/latex/media9/media9.sty
Package: media9 2025/06/24 v1.30 acrobat-9/X compatible media
\g_mix_pkgresizeflag_int=\count328

(c:/texlive/2025/texmf-dist/tex/latex/media9/pdfbase.sty
Package: pdfbase 2024/09/16 v0.59 driver independent access to low-level PDF fe
atures

(c:/texlive/2025/texmf-dist/tex/latex/l3backend/l3backend-pdftex.def
File: l3backend-pdftex.def 2025-10-09 L3 backend support: PDF output (pdfTeX)
\l__color_backend_stack_int=\count329
)
\g_pbs_page_int=\count330
\g_pbs_oc_int=\count331
)
(c:/texlive/2025/texmf-dist/tex/latex/ocgx2/ocgbase.sty
Package: ocgbase 2024/09/15 v0.24 support package for ocgx2.sty
)
\l_mix_poster_box=\box65
\g_mix_wd_dim=\dimen191
\g_mix_ht_dim=\dimen192
\g_mix_dp_dim=\dimen193
\g_mix_rmcnt_int=\count332
\l_mix_viewcnt_int=\count333
\g@mix@page@int=\count334
\g_mix_resizeflag_int=\count335
\l_mix_lineno_int=\count336
\l_mix_pbtn_box=\box66
\g_mix_mbtncnt_int=\count337
\mix@btn@dim=\dimen194
)
(c:/texlive/2025/texmf-dist/tex/latex/listings/listings.sty
\lst@mode=\count338
\lst@gtempboxa=\box67
\lst@token=\toks35
\lst@length=\count339
\lst@currlwidth=\dimen195
\lst@column=\count340
\lst@pos=\count341
\lst@lostspace=\dimen196
\lst@width=\dimen197
\lst@newlines=\count342
\lst@lineno=\count343
\lst@maxwidth=\dimen198

(c:/texlive/2025/texmf-dist/tex/latex/listings/lstpatch.sty
File: lstpatch.sty 2025/11/14 1.11b (Carsten Heinz)
)
(c:/texlive/2025/texmf-dist/tex/latex/listings/lstmisc.sty
File: lstmisc.sty 2025/11/14 1.11b (Carsten Heinz)
\c@lstnumber=\count344
\lst@skipnumbers=\count345
\lst@framebox=\box68
)
(c:/texlive/2025/texmf-dist/tex/latex/listings/listings.cfg
File: listings.cfg 2025/11/14 1.11b listings configuration
))
Package: listings 2025/11/14 1.11b (Carsten Heinz)

==> First Aid for listings.sty no longer applied!
    Expected:
        2024/09/23 1.10c (Carsten Heinz)
    but found:
        2025/11/14 1.11b (Carsten Heinz)
    so I'm assuming it got fixed.
(c:/texlive/2025/texmf-dist/tex/latex/upquote/upquote.sty
Package: upquote 2012/04/19 v1.3 upright-quote and grave-accent glyphs in verba
tim

(c:/texlive/2025/texmf-dist/tex/latex/base/textcomp.sty
Package: textcomp 2024/04/24 v2.1b Standard LaTeX package
)) (./EY52H0_2026.aux)
\openout1 = `EY52H0_2026.aux'.

LaTeX Font Info:    Checking defaults for OML/cmm/m/it on input line 16.
LaTeX Font Info:    ... okay on input line 16.
LaTeX Font Info:    Checking defaults for OMS/cmsy/m/n on input line 16.
LaTeX Font Info:    ... okay on input line 16.
LaTeX Font Info:    Checking defaults for OT1/cmr/m/n on input line 16.
LaTeX Font Info:    ... okay on input line 16.
LaTeX Font Info:    Checking defaults for T1/cmr/m/n on input line 16.
LaTeX Font Info:    ... okay on input line 16.
LaTeX Font Info:    Checking defaults for TS1/cmr/m/n on input line 16.
LaTeX Font Info:    ... okay on input line 16.
LaTeX Font Info:    Checking defaults for OMX/cmex/m/n on input line 16.
LaTeX Font Info:    ... okay on input line 16.
LaTeX Font Info:    Checking defaults for U/cmr/m/n on input line 16.
LaTeX Font Info:    ... okay on input line 16.
LaTeX Font Info:    Checking defaults for PD1/pdf/m/n on input line 16.
LaTeX Font Info:    ... okay on input line 16.
LaTeX Font Info:    Checking defaults for PU/pdf/m/n on input line 16.
LaTeX Font Info:    ... okay on input line 16.
Package hyperref Info: Link coloring OFF on input line 16.

(./EY52H0_2026.out) (./EY52H0_2026.out)
\@outlinefile=\write3
\openout3 = `EY52H0_2026.out'.


*geometry* driver: auto-detecting
*geometry* detected driver: pdftex
*geometry* verbose mode - [ preamble ] result:
* driver: pdftex
* paper: a4paper
* layout: <same size as paper>
* layoutoffset:(h,v)=(0.0pt,0.0pt)
* modes: 
* h-part:(L,W,R)=(85.35826pt, 441.01773pt, 71.13188pt)
* v-part:(T,H,B)=(71.13188pt, 702.78308pt, 71.13188pt)
* \paperwidth=597.50787pt
* \paperheight=845.04684pt
* \textwidth=441.01773pt
* \textheight=702.78308pt
* \oddsidemargin=13.08827pt
* \evensidemargin=13.08827pt
* \topmargin=-38.1381pt
* \headheight=12.0pt
* \headsep=25.0pt
* \topskip=12.0pt
* \footskip=30.0pt
* \marginparwidth=44.0pt
* \marginparsep=10.0pt
* \columnsep=10.0pt
* \skip\footins=10.8pt plus 4.0pt minus 2.0pt
* \hoffset=0.0pt
* \voffset=0.0pt
* \mag=1000
* \@twocolumnfalse
* \@twosidefalse
* \@mparswitchfalse
* \@reversemarginfalse
* (1in=72.27pt=25.4mm, 1cm=28.453pt)

LaTeX Font Info:    Trying to load font information for OT1+lmr on input line 1
6.
(c:/texlive/2025/texmf-dist/tex/latex/lm/ot1lmr.fd
File: ot1lmr.fd 2015/05/01 v1.6.1 Font defs for Latin Modern
)
LaTeX Font Info:    Trying to load font information for OML+lmm on input line 1
6.

(c:/texlive/2025/texmf-dist/tex/latex/lm/omllmm.fd
File: omllmm.fd 2015/05/01 v1.6.1 Font defs for Latin Modern
)
LaTeX Font Info:    Trying to load font information for OMS+lmsy on input line 
16.

(c:/texlive/2025/texmf-dist/tex/latex/lm/omslmsy.fd
File: omslmsy.fd 2015/05/01 v1.6.1 Font defs for Latin Modern
)
LaTeX Font Info:    Trying to load font information for OMX+lmex on input line 
16.

(c:/texlive/2025/texmf-dist/tex/latex/lm/omxlmex.fd
File: omxlmex.fd 2015/05/01 v1.6.1 Font defs for Latin Modern
)
LaTeX Font Info:    External font `lmex10' loaded for size
(Font)              <12> on input line 16.
LaTeX Font Info:    External font `lmex10' loaded for size
(Font)              <8> on input line 16.
LaTeX Font Info:    External font `lmex10' loaded for size
(Font)              <6> on input line 16.
LaTeX Font Info:    Trying to load font information for U+msa on input line 16.


(c:/texlive/2025/texmf-dist/tex/latex/amsfonts/umsa.fd
File: umsa.fd 2013/01/14 v3.01 AMS symbols A
)
LaTeX Font Info:    Trying to load font information for U+msb on input line 16.


(c:/texlive/2025/texmf-dist/tex/latex/amsfonts/umsb.fd
File: umsb.fd 2013/01/14 v3.01 AMS symbols B
)
LaTeX Font Info:    Overwriting symbol font `largesymbols' in version `normal'
(Font)                  OMX/lmex/m/n --> OMX/cmex/m/n on input line 16.
LaTeX Font Info:    Overwriting symbol font `largesymbols' in version `bold'
(Font)                  OMX/lmex/m/n --> OMX/cmex/m/n on input line 16.

(c:/texlive/2025/texmf-dist/tex/context/base/mkii/supp-pdf.mkii
[Loading MPS to PDF converter (version 2006.09.02).]
\scratchcounter=\count346
\scratchdimen=\dimen199
\scratchbox=\box69
\nofMPsegments=\count347
\nofMParguments=\count348
\everyMPshowfont=\toks36
\MPscratchCnt=\count349
\MPscratchDim=\dimen256
\MPnumerator=\count350
\makeMPintoPDFobject=\count351
\everyMPtoPDFconversion=\toks37
) (c:/texlive/2025/texmf-dist/tex/latex/epstopdf-pkg/epstopdf-base.sty
Package: epstopdf-base 2020-01-24 v2.11 Base part for package epstopdf
Package epstopdf-base Info: Redefining graphics rule for `.eps' on input line 4
85.

(c:/texlive/2025/texmf-dist/tex/latex/latexconfig/epstopdf-sys.cfg
File: epstopdf-sys.cfg 2010/07/13 v1.3 Configuration of (r)epstopdf for TeX Liv
e
))
(c:/texlive/2025/texmf-dist/tex/latex/pdflscape/pdflscape.sty
Package: pdflscape 2025-06-23 v0.14 Display of landscape pages in PDF

(c:/texlive/2025/texmf-dist/tex/latex/pdflscape/pdflscape-nometadata.sty
Package: pdflscape-nometadata 2025-06-23 v0.14 Display of landscape pages in PD
F (HO)

(c:/texlive/2025/texmf-dist/tex/latex/graphics/lscape.sty
Package: lscape 2020/05/28 v3.02 Landscape Pages (DPC)
)
Package pdflscape Info: Auto-detected driver: pdftex on input line 81.
))
\c@lstlisting=\count352

(c:/texlive/2025/texmf-dist/tex/latex/base/report.cls
LaTeX Info: Redefining \cal on input line 577.
LaTeX Info: Redefining \mit on input line 578.
)
Package babel Info: 'magyar' activates 'magyar' shorthands.
(babel)             Reported on input line 16.
<eszterhazy-logo-hu.pdf, id=168, 256.07971pt x 88.04292pt>
File: eszterhazy-logo-hu.pdf Graphic file (type pdf)
<use eszterhazy-logo-hu.pdf>
Package pdftex.def Info: eszterhazy-logo-hu.pdf  used on input line 24.
(pdftex.def)             Requested size: 256.07907pt x 88.0427pt.
 [1


{c:/texlive/2025/texmf-var/fonts/map/pdftex/updmap/pdftex.map}{c:/texlive/2025/
texmf-dist/fonts/enc/dvips/lm/lm-ec.enc} <c:/texlive/2025/texmf-dist/tex/latex/
thesis-ekf/eszterhazy-logo-hu.pdf>] (./EY52H0_2026.toc [2

])
\tf@toc=\write4
\openout4 = `EY52H0_2026.toc'.

 [3] (./EY52H0_2026.lof)
\tf@lof=\write5
\openout5 = `EY52H0_2026.lof'.

 [4

]
1. fejezet.
[5

] [6]
2. fejezet.
[7

]
Overfull \hbox (26.72939pt too wide) in paragraph at lines 125--126
[]\T1/lmr/bx/n/12 Nyílt for-rás-kód: \T1/lmr/m/n/12 Az al-kal-ma-zás for-rás-kó
d-ja pub-li-ku-san el-ér-he-t® a Git-Hub repository-
 []

[8]
Overfull \hbox (17.06229pt too wide) in paragraph at lines 138--139
[]\T1/lmr/m/n/12 A gra-fi-kus al-kal-ma-zás fej-lesz-té-se szem-pont-já-ból kü-
lön el®nyt je-len-tett, hogy a PyCharm
 []

[9]
LaTeX Font Info:    Trying to load font information for T1+lmtt on input line 1
62.
 (c:/texlive/2025/texmf-dist/tex/latex/lm/t1lmtt.fd
File: t1lmtt.fd 2015/05/01 v1.6.1 Font defs for Latin Modern
) [10] [11]
3. fejezet.
[12

]
Underfull \hbox (badness 1546) in paragraph at lines 236--237
[]|\T1/lmr/m/n/10 Új Ite-mOn-Board ob-
 []


Underfull \hbox (badness 10000) in paragraph at lines 240--241
[]|\T1/lmr/m/n/10 Két Ite-mOn-Board
 []


Underfull \hbox (badness 10000) in paragraph at lines 240--241
\T1/lmr/m/n/10 ob-jek-tum (anya-
 []


Underfull \hbox (badness 4886) in paragraph at lines 242--243
[]|\T1/lmr/m/n/10 Definiált re-ak-ció ese-tén
 []


Underfull \hbox (badness 1755) in paragraph at lines 255--256
[]|\T1/lmr/m/n/10 Felhasználói kat-tin-tás
 []


Underfull \hbox (badness 10000) in paragraph at lines 256--257
[]|\T1/lmr/m/n/10 Hotbar tar-tal-má-nak
 []


Overfull \hbox (21.54718pt too wide) in paragraph at lines 230--260
 [][] 
 []

[13] [14] [15]
4. fejezet.

Overfull \hbox (14.77164pt too wide) in paragraph at lines 312--313
\T1/lmr/m/n/12 sét ke-ze-li. Ez a ré-teg a MySQL adat-bá-zis-sal kap-cso-ló-dik
 a \T1/lmtt/m/n/12 mysql-connector-python
 []


Overfull \hbox (2.17798pt too wide) in paragraph at lines 328--329
[]\T1/lmr/m/n/12 Az összes töb-bi kom-po-nens ini-ci-a-li-zá-lá-sa (Hot-bar, Re
-ac-ti-on, Se-archSys-tem, Trash) 
 []

[16

] [17]
Underfull \hbox (badness 10000) in paragraph at lines 368--369

 []

<hotbarM.png, id=370, 759.58781pt x 115.18031pt>
File: hotbarM.png Graphic file (type png)
<use hotbarM.png>
Package pdftex.def Info: hotbarM.png  used on input line 375.
(pdftex.def)             Requested size: 308.71106pt x 46.8112pt.
<hotbarT.png, id=372, 602.25pt x 117.43875pt>
File: hotbarT.png Graphic file (type png)
<use hotbarT.png>
Package pdftex.def Info: hotbarT.png  used on input line 382.
(pdftex.def)             Requested size: 308.71106pt x 60.20117pt.
<trashClosed.png, id=375, 67.75313pt x 64.74188pt>
File: trashClosed.png Graphic file (type png)
<use trashClosed.png>
Package pdftex.def Info: trashClosed.png  used on input line 403.
(pdftex.def)             Requested size: 176.40439pt x 168.57088pt.
<trashOpen.png, id=376, 73.02281pt x 56.46094pt>
File: trashOpen.png Graphic file (type png)
<use trashOpen.png>
Package pdftex.def Info: trashOpen.png  used on input line 410.
(pdftex.def)             Requested size: 198.45662pt x 153.45967pt.

LaTeX Warning: `h' float specifier changed to `ht'.

[18 <./hotbarM.png> <./hotbarT.png>]
(c:/texlive/2025/texmf-dist/tex/latex/listings/lstlang1.sty
File: lstlang1.sty 2025/11/14 1.11b listings language file
)
Package hyperref Info: bookmark level for unknown lstlisting defaults to 0 on i
nput line 440.
 (./tool.py)
[19 <./trashClosed.png> <./trashOpen.png>] [20]
LaTeX Font Info:    Trying to load font information for TS1+lmr on input line 4
77.

(c:/texlive/2025/texmf-dist/tex/latex/lm/ts1lmr.fd
File: ts1lmr.fd 2015/05/01 v1.6.1 Font defs for Latin Modern
) [21{c:/texlive/2025/texmf-dist/fonts/enc/dvips/lm/lm-ts1.enc}] [22]
Overfull \hbox (20.82869pt too wide) in paragraph at lines 563--564
\T1/lmr/m/n/12 Az al-kal-ma-zás há-rom táb-lát hasz-nál, ame-lye-ket a []4.5[].
 áb-ra pre-zen-tál egy dbdiagrammal[[]]: 
 []


Overfull \hbox (11.23914pt too wide) in paragraph at lines 565--566
[]\T1/lmr/bx/n/12 reactions: \T1/lmr/m/n/12 A ké-mi-ai re-ak-ci-ó-kat de-fi-ni-
ál-ja (item1,item2,result,equation,type). Item1
 []

<dataBaseStructure.png, id=439, 322.20375pt x 142.28156pt>
File: dataBaseStructure.png Graphic file (type png)
<use dataBaseStructure.png>
Package pdftex.def Info: dataBaseStructure.png  used on input line 573.
(pdftex.def)             Requested size: 308.71106pt x 136.3282pt.

LaTeX Warning: `h' float specifier changed to `ht'.

[23]
<Pipetta.png, id=451, 32.12pt x 32.12pt>
File: Pipetta.png Graphic file (type png)
<use Pipetta.png>
Package pdftex.def Info: Pipetta.png  used on input line 601.
(pdftex.def)             Requested size: 198.45662pt x 198.52135pt.
<Pipetta(H2O).png, id=452, 32.12pt x 32.12pt>
File: Pipetta(H2O).png Graphic file (type png)
<use Pipetta(H2O).png>
Package pdftex.def Info: Pipetta(H2O).png  used on input line 608.
(pdftex.def)             Requested size: 198.45662pt x 198.52135pt.


LaTeX Warning: `h' float specifier changed to `ht'.

[24 <./dataBaseStructure.png>] [25 <./Pipetta.png> <./Pipetta(H2O).png>]
5. fejezet.
[26

]
6. fejezet.

Overfull \hbox (9.14719pt too wide) in paragraph at lines 630--665
 [][] 
 []


Underfull \hbox (badness 2547) in paragraph at lines 678--679
[]|\T1/lmr/m/n/10 H2O re-ak-ció in-teg-rá-ci-ós
 []


Underfull \hbox (badness 1303) in paragraph at lines 679--680
[]|\T1/lmr/m/n/10 H2 + O2 el-he-lye-zé-se a
 []


Underfull \hbox (badness 1769) in paragraph at lines 680--681
\T1/lmr/m/n/10 a pá-rost, can_react(H2,
 []


Underfull \hbox (badness 10000) in paragraph at lines 687--688
[]|\T1/lmr/m/n/10 Reaction.check() fut,
 []


Underfull \hbox (badness 4156) in paragraph at lines 687--688
\T1/lmr/m/n/10 can_react(Na, Cl) nem
 []


Underfull \hbox (badness 1642) in paragraph at lines 687--688
\T1/lmr/m/n/10 ta-lál adat-bá-zis-be-li egye-
 []


Overfull \hbox (49.99994pt too wide) in paragraph at lines 674--693
 [][] 
 []


Overfull \hbox (9.14719pt too wide) in paragraph at lines 702--725
 [][] 
 []

[27

] [28]
7. fejezet.

Overfull \hbox (2.8091pt too wide) in paragraph at lines 742--743
[]\T1/lmr/m/n/12 További kor-lát, hogy az al-kal-ma-zás tel-jes adatbázis-betöl
tésre épül, így nagy mennyi-
 []

[29

]
Underfull \hbox (badness 10000) in paragraph at lines 752--753
[]\T1/lmr/m/sc/12 Python Soft-ware Fo-un-da-ti-on\T1/lmr/m/n/12 : \T1/lmr/m/it/
12 Py-thon 3 hi-va-ta-los do-ku-men-tá-ció\T1/lmr/m/n/12 ,
 []


Underfull \hbox (badness 5832) in paragraph at lines 758--759
[]\T1/lmr/m/sc/12 JetBrains\T1/lmr/m/n/12 : \T1/lmr/m/it/12 PyCharm Gett-ing St
ar-ted ^^U Hi-va-ta-los be-ve-ze-t® és út-mu-ta-
 []


Underfull \hbox (badness 10000) in paragraph at lines 758--759
\T1/lmr/m/it/12 tó\T1/lmr/m/n/12 , https://www.jetbrains.com/help/pycharm/getti
ng-started.html (Le-töl-tés:
 []


Underfull \hbox (badness 10000) in paragraph at lines 761--762
[]\T1/lmr/m/sc/12 Apache Fri-ends\T1/lmr/m/n/12 : \T1/lmr/m/it/12 XAMPP hi-va-t
a-los le-töl-té-si és do-ku-men-tá-ci-ós ol-dal\T1/lmr/m/n/12 ,
 []


Underfull \hbox (badness 10000) in paragraph at lines 764--765
[]\T1/lmr/m/sc/12 phpMyAdmin\T1/lmr/m/n/12 : \T1/lmr/m/it/12 Hi-va-ta-los phpMy
-Ad-min do-ku-men-tá-ció és le-töl-té-si ol-dal\T1/lmr/m/n/12 ,
 []


Underfull \hbox (badness 10000) in paragraph at lines 767--768
[]\T1/lmr/m/sc/12 GitHub\T1/lmr/m/n/12 : \T1/lmr/m/it/12 Git-Hub té-mák és do-k
u-men-tá-ci-ós gy¶j-te-mé-nyek\T1/lmr/m/n/12 ,
 []


Underfull \hbox (badness 10000) in paragraph at lines 770--771
[]\T1/lmr/m/sc/12 Microsoft\T1/lmr/m/n/12 : \T1/lmr/m/it/12 Vi-su-al Stu-dio Co
-de hi-va-ta-los do-ku-men-tá-ció\T1/lmr/m/n/12 ,
 []


Underfull \hbox (badness 10000) in paragraph at lines 773--774
[]\T1/lmr/m/sc/12 Git\T1/lmr/m/n/12 : \T1/lmr/m/it/12 Hi-va-ta-los Git do-ku-me
n-tá-ció\T1/lmr/m/n/12 , https://git-scm.com/docs (Le-töl-tés:
 []


Underfull \hbox (badness 10000) in paragraph at lines 779--780
[]\T1/lmr/m/sc/12 Oracle\T1/lmr/m/n/12 : \T1/lmr/m/it/12 MySQL Con-nec-tor/Pyth
on hi-va-ta-los do-ku-men-tá-ció\T1/lmr/m/n/12 ,
 []

[30

]
Underfull \hbox (badness 10000) in paragraph at lines 794--795
[]\T1/lmr/m/sc/12 Mockito\T1/lmr/m/n/12 : \T1/lmr/m/it/12 Hi-va-ta-los Mo-cki-t
o do-ku-men-tá-ció és fel-hasz-ná-lói út-mu-ta-tó\T1/lmr/m/n/12 ,
 []


Underfull \hbox (badness 1292) in paragraph at lines 797--798
[]\T1/lmr/m/sc/12 ITU On-line\T1/lmr/m/n/12 : \T1/lmr/m/it/12 What Is Py-thon P
y-game?\T1/lmr/m/n/12 , https://www.ituonline.com/tech-
 []


Underfull \hbox (badness 10000) in paragraph at lines 801--802
[]\T1/lmr/m/sc/12 Dr. M. K. Jayant-hi Kan-nan\T1/lmr/m/n/12 : \T1/lmr/m/it/12 I
nt-ro-duc-ti-on to Py-game
 []


Underfull \hbox (badness 10000) in paragraph at lines 801--802
\T1/lmr/m/it/12 and Game De-ve-lop-ment us-ing Py-thon Py-game\T1/lmr/m/n/12 , 
Re-se-arch-Ga-te,
 []


Underfull \hbox (badness 10000) in paragraph at lines 804--805
[]\T1/lmr/m/sc/12 Simple Di-rect-Me-dia Layer (SDL)\T1/lmr/m/n/12 : \T1/lmr/m/i
t/12 Of-fi-ci-al SDL home-page\T1/lmr/m/n/12 ,
 []

<Nyilatkozat.pdf, id=502, 598.235pt x 845.1575pt>
File: Nyilatkozat.pdf Graphic file (type pdf)
<use Nyilatkozat.pdf>
Package pdftex.def Info: Nyilatkozat.pdf  used on input line 814.
(pdftex.def)             Requested size: 598.23354pt x 845.15544pt.
<Nyilatkozat.pdf, id=504, page=1, 598.235pt x 845.1575pt>
File: Nyilatkozat.pdf Graphic file (type pdf)
<use Nyilatkozat.pdf, page 1>
Package pdftex.def Info: Nyilatkozat.pdf , page1 used on input line 814.
(pdftex.def)             Requested size: 598.23354pt x 845.15544pt.
File: Nyilatkozat.pdf Graphic file (type pdf)
<use Nyilatkozat.pdf, page 1>
Package pdftex.def Info: Nyilatkozat.pdf , page1 used on input line 814.
(pdftex.def)             Requested size: 597.7406pt x 844.45905pt.
[31]
File: Nyilatkozat.pdf Graphic file (type pdf)
<use Nyilatkozat.pdf, page 1>
Package pdftex.def Info: Nyilatkozat.pdf , page1 used on input line 814.
(pdftex.def)             Requested size: 597.7406pt x 844.45905pt.
File: Nyilatkozat.pdf Graphic file (type pdf)
<use Nyilatkozat.pdf, page 1>
Package pdftex.def Info: Nyilatkozat.pdf , page1 used on input line 814.
(pdftex.def)             Requested size: 597.7406pt x 844.45905pt.
File: Nyilatkozat.pdf Graphic file (type pdf)
<use Nyilatkozat.pdf, page 1>
Package pdftex.def Info: Nyilatkozat.pdf , page1 used on input line 814.
(pdftex.def)             Requested size: 597.7406pt x 844.45905pt.
 [32

 <./Nyilatkozat.pdf>] (./EY52H0_2026.aux)
 ***********
LaTeX2e <2025-11-01>
L3 programming layer <2025-11-14>
 ***********
Package rerunfilecheck Info: File `EY52H0_2026.out' has not changed.
(rerunfilecheck)             Checksum: 3AFFC56C9943F8CB97E78654C24DC77D;7299.
 ) 
Here is how much of TeX's memory you used:
 18164 strings out of 467537
 293547 string characters out of 5423703
 942518 words of memory out of 5000000
 46647 multiletter control sequences out of 15000+600000
 704582 words of font info for 101 fonts, out of 8000000 for 9000
 1141 hyphenation exceptions out of 8191
 84i,17n,93p,602b,1424s stack positions out of 10000i,1000n,20000p,200000b,200000s
<c:/texlive/2025/texmf-dist/fonts/type1/public/lm/lmbx10.pfb><c:/texlive/2025
/texmf-dist/fonts/type1/public/lm/lmbx12.pfb><c:/texlive/2025/texmf-dist/fonts/
type1/public/lm/lmcsc10.pfb><c:/texlive/2025/texmf-dist/fonts/type1/public/lm/l
mr10.pfb><c:/texlive/2025/texmf-dist/fonts/type1/public/lm/lmr12.pfb><c:/texliv
e/2025/texmf-dist/fonts/type1/public/lm/lmr6.pfb><c:/texlive/2025/texmf-dist/fo
nts/type1/public/lm/lmr8.pfb><c:/texlive/2025/texmf-dist/fonts/type1/public/lm/
lmri12.pfb><c:/texlive/2025/texmf-dist/fonts/type1/public/lm/lmtt12.pfb>
Output written on EY52H0_2026.pdf (32 pages, 391515 bytes).
PDF statistics:
 630 PDF objects out of 1000 (max. 8388607)
 540 compressed objects within 6 object streams
 142 named destinations out of 1000 (max. 500000)
 390 words of extra memory for PDF output out of 10000 (max. 10000000)

